length(data_train) = 240
length(model.basis) = 299
┌─────────┬──────────┬───────┬─────┬───────┬──────┐
│    Type │ #Configs │ #Envs │  #E │    #F │   #V │
├─────────┼──────────┼───────┼─────┼───────┼──────┤
│ default │      240 │  5003 │ 240 │     0 │ 1188 │
├─────────┼──────────┼───────┼─────┼───────┼──────┤
│   total │      240 │  5003 │ 240 │     0 │ 1188 │
│ missing │        0 │     0 │   0 │ 15009 │  252 │
└─────────┴──────────┴───────┴─────┴───────┴──────┘
Iter     Function value   Gradient norm 
     0     5.145894e+03     5.166446e+03
 * time: 0.015378952026367188
     1     4.446702e+03     1.689813e+02
 * time: 0.8281738758087158
     2     2.219480e+03     8.457594e+02
 * time: 0.8393049240112305
     3    -1.369657e+03     1.223794e+04
 * time: 0.8447020053863525
     4    -1.950275e+03     1.754237e+04
 * time: 0.8682289123535156
     5    -2.330715e+03     1.232180e+04
 * time: 0.874783992767334
     6    -2.362295e+03     5.807899e+03
 * time: 0.8825929164886475
     7    -2.368050e+03     6.943432e+02
 * time: 0.8852949142456055
     8    -2.368872e+03     1.523859e+03
 * time: 0.8896520137786865
     9    -2.410395e+03     1.358922e+04
 * time: 0.896263837814331
    10    -2.447756e+03     8.345163e+03
 * time: 0.9002089500427246
    11    -2.459991e+03     1.469566e+03
 * time: 0.9039950370788574
    12    -2.461873e+03     1.800456e+03
 * time: 0.9151558876037598
    13    -2.463155e+03     4.220767e+02
 * time: 0.9189848899841309
    14    -2.463155e+03     4.220767e+02
 * time: 1.0110819339752197
 * Status: success

 * Candidate solution
    Final objective value:     -2.463155e+03

 * Found with
    Algorithm:     L-BFGS

 * Convergence measures
    |x - x'|               = 0.00e+00 ≤ 1.0e-08
    |x - x'|/|x'|          = 0.00e+00 ≤ 0.0e+00
    |f(x) - f(x')|         = 0.00e+00 ≤ 0.0e+00
    |f(x) - f(x')|/|f(x')| = 0.00e+00 ≤ 0.0e+00
    |g(x)|                 = 4.22e+02 ≰ 0.0e+00

 * Work counters
    Seconds run:   1  (vs limit Inf)
    Iterations:    14
    f(x) calls:    144
    ∇f(x) calls:   144

[ Info: Training Error Table
[ Info: RMSE Table
┌─────────┬─────────┬──────────┬─────────┐
│    Type │ E [meV] │ F [eV/A] │ V [meV] │
├─────────┼─────────┼──────────┼─────────┤
│ default │  10.941 │    0.000 │   3.604 │
├─────────┼─────────┼──────────┼─────────┤
│     set │  10.941 │    0.000 │   3.604 │
└─────────┴─────────┴──────────┴─────────┘
[ Info: MAE Table
┌─────────┬─────────┬──────────┬─────────┐
│    Type │ E [meV] │ F [eV/A] │ V [meV] │
├─────────┼─────────┼──────────┼─────────┤
│ default │   8.366 │    0.000 │   2.406 │
├─────────┼─────────┼──────────┼─────────┤
│     set │   8.366 │    0.000 │   2.406 │
└─────────┴─────────┴──────────┴─────────┘
[ Info: Test Error Table
[ Info: RMSE Table
┌─────────┬─────────┬──────────┬─────────┐
│    Type │ E [meV] │ F [eV/A] │ V [meV] │
├─────────┼─────────┼──────────┼─────────┤
│ default │   9.529 │    0.000 │   7.125 │
├─────────┼─────────┼──────────┼─────────┤
│     set │   9.529 │    0.000 │   7.125 │
└─────────┴─────────┴──────────┴─────────┘
[ Info: MAE Table
┌─────────┬─────────┬──────────┬─────────┐
│    Type │ E [meV] │ F [eV/A] │ V [meV] │
├─────────┼─────────┼──────────┼─────────┤
│ default │   7.684 │    0.000 │   3.605 │
├─────────┼─────────┼──────────┼─────────┤
│     set │   7.684 │    0.000 │   3.605 │
└─────────┴─────────┴──────────┴─────────┘
