#
# 3 / 100 ================================
#
PlaneWaveBasis discretization:
    architecture         : DFTK.CPU()
    num. mpi processes   : 8
    num. julia threads   : 1
    num. blas  threads   : 1
    num. fft   threads   : 1

    Ecut                 : 26.0 Ha
    fft_size             : (40, 108, 108), 466560 total points
    kgrid                : MonkhorstPack([7, 3, 3])
    num.   red. kpoints  : 63
    num. irred. kpoints  : 63

    Discretized Model(gga_x_pbe+gga_c_pbe, 3D):
        lattice (in Bohr)    : [7.65084   , 0.334105  , -0.0208709]
                               [-0.0442799, 22.9527   , -0.166984 ]
                               [-0.0682498, 0.282216  , 22.8931   ]
        unit cell volume     : 4020.9 Bohr³
    
        atoms                : Al₃₆
        atom potentials      : ElementPsp(Al; psp="/home/herbst/.julia/artifacts/56094b8162385233890d523c827ba06e07566079/Al.upf")
                               ElementPsp(Al; psp="/home/herbst/.julia/artifacts/56094b8162385233890d523c827ba06e07566079/Al.upf")
                               ElementPsp(Al; psp="/home/herbst/.julia/artifacts/56094b8162385233890d523c827ba06e07566079/Al.upf")
                               ElementPsp(Al; psp="/home/herbst/.julia/artifacts/56094b8162385233890d523c827ba06e07566079/Al.upf")
                               ElementPsp(Al; psp="/home/herbst/.julia/artifacts/56094b8162385233890d523c827ba06e07566079/Al.upf")
                               ElementPsp(Al; psp="/home/herbst/.julia/artifacts/56094b8162385233890d523c827ba06e07566079/Al.upf")
                               ElementPsp(Al; psp="/home/herbst/.julia/artifacts/56094b8162385233890d523c827ba06e07566079/Al.upf")
                               ElementPsp(Al; psp="/home/herbst/.julia/artifacts/56094b8162385233890d523c827ba06e07566079/Al.upf")
                               ElementPsp(Al; psp="/home/herbst/.julia/artifacts/56094b8162385233890d523c827ba06e07566079/Al.upf")
                               ElementPsp(Al; psp="/home/herbst/.julia/artifacts/56094b8162385233890d523c827ba06e07566079/Al.upf")
                               ElementPsp(Al; psp="/home/herbst/.julia/artifacts/56094b8162385233890d523c827ba06e07566079/Al.upf")
                               ElementPsp(Al; psp="/home/herbst/.julia/artifacts/56094b8162385233890d523c827ba06e07566079/Al.upf")
                               ElementPsp(Al; psp="/home/herbst/.julia/artifacts/56094b8162385233890d523c827ba06e07566079/Al.upf")
                               ElementPsp(Al; psp="/home/herbst/.julia/artifacts/56094b8162385233890d523c827ba06e07566079/Al.upf")
                               ElementPsp(Al; psp="/home/herbst/.julia/artifacts/56094b8162385233890d523c827ba06e07566079/Al.upf")
                               ElementPsp(Al; psp="/home/herbst/.julia/artifacts/56094b8162385233890d523c827ba06e07566079/Al.upf")
                               ElementPsp(Al; psp="/home/herbst/.julia/artifacts/56094b8162385233890d523c827ba06e07566079/Al.upf")
                               ElementPsp(Al; psp="/home/herbst/.julia/artifacts/56094b8162385233890d523c827ba06e07566079/Al.upf")
                               ElementPsp(Al; psp="/home/herbst/.julia/artifacts/56094b8162385233890d523c827ba06e07566079/Al.upf")
                               ElementPsp(Al; psp="/home/herbst/.julia/artifacts/56094b8162385233890d523c827ba06e07566079/Al.upf")
                               ElementPsp(Al; psp="/home/herbst/.julia/artifacts/56094b8162385233890d523c827ba06e07566079/Al.upf")
                               ElementPsp(Al; psp="/home/herbst/.julia/artifacts/56094b8162385233890d523c827ba06e07566079/Al.upf")
                               ElementPsp(Al; psp="/home/herbst/.julia/artifacts/56094b8162385233890d523c827ba06e07566079/Al.upf")
                               ElementPsp(Al; psp="/home/herbst/.julia/artifacts/56094b8162385233890d523c827ba06e07566079/Al.upf")
                               ElementPsp(Al; psp="/home/herbst/.julia/artifacts/56094b8162385233890d523c827ba06e07566079/Al.upf")
                               ElementPsp(Al; psp="/home/herbst/.julia/artifacts/56094b8162385233890d523c827ba06e07566079/Al.upf")
                               ElementPsp(Al; psp="/home/herbst/.julia/artifacts/56094b8162385233890d523c827ba06e07566079/Al.upf")
                               ElementPsp(Al; psp="/home/herbst/.julia/artifacts/56094b8162385233890d523c827ba06e07566079/Al.upf")
                               ElementPsp(Al; psp="/home/herbst/.julia/artifacts/56094b8162385233890d523c827ba06e07566079/Al.upf")
                               ElementPsp(Al; psp="/home/herbst/.julia/artifacts/56094b8162385233890d523c827ba06e07566079/Al.upf")
                               ElementPsp(Al; psp="/home/herbst/.julia/artifacts/56094b8162385233890d523c827ba06e07566079/Al.upf")
                               ElementPsp(Al; psp="/home/herbst/.julia/artifacts/56094b8162385233890d523c827ba06e07566079/Al.upf")
                               ElementPsp(Al; psp="/home/herbst/.julia/artifacts/56094b8162385233890d523c827ba06e07566079/Al.upf")
                               ElementPsp(Al; psp="/home/herbst/.julia/artifacts/56094b8162385233890d523c827ba06e07566079/Al.upf")
                               ElementPsp(Al; psp="/home/herbst/.julia/artifacts/56094b8162385233890d523c827ba06e07566079/Al.upf")
                               ElementPsp(Al; psp="/home/herbst/.julia/artifacts/56094b8162385233890d523c827ba06e07566079/Al.upf")
    
        num. electrons       : 108
        spin polarization    : none
        temperature          : 0.001 Ha
        smearing             : DFTK.Smearing.Gaussian()
    
        terms                : Kinetic()
                               AtomicLocal()
                               AtomicNonlocal()
                               Ewald(nothing)
                               PspCorrection()
                               Hartree()
                               Xc(gga_x_pbe, gga_c_pbe)
                               Entropy()
n     Energy            log10(ΔE)   log10(Δρ)   Diag   Δtime
---   ---------------   ---------   ---------   ----   ------
  1   -83.40863735457                   -0.69   16.3     153s
  2   -83.41850281202       -2.01       -1.06    1.2    55.6s
  3   -83.42222977031       -2.43       -2.35    7.3    86.5s
  4   -83.42253923803       -3.51       -2.46    7.2    96.6s
  5   -83.42270451816       -3.78       -3.16    2.2    55.9s
  6   -83.42270666677       -5.67       -3.16    6.5    91.8s
  7   -83.42271083421       -5.38       -3.31    1.3    48.9s
  8   -83.42271534533       -5.35       -4.07    2.8    59.6s
  9   -83.42271550350       -6.80       -4.59    7.6    90.6s
 10   -83.42271550815       -8.33       -4.83    5.2    77.3s
 11   -83.42271551193       -8.42       -5.69    3.3    61.5s
 12   -83.42271551204      -10.00       -6.11    7.3    95.8s
 13   -83.42271551204      -11.24       -6.42    5.2    69.6s
 14   -83.42271551204      -11.96       -6.66    4.2    64.8s
 15   -83.42271551204      -11.92       -7.27    3.4    65.0s
 16   -83.42271551204      -12.89       -7.42    5.7    86.6s
 17   -83.42271551204   +    -Inf       -7.85    2.2    52.6s
 18   -83.42271551204   +    -Inf       -8.29    4.8    77.5s
 19   -83.42271551204   +    -Inf       -8.69    4.5    70.2s
 20   -83.42271551204   +    -Inf       -9.45    4.5    77.4s
 21   -83.42271551204   +  -13.85       -9.91    7.7    96.7s
 22   -83.42271551204      -13.85      -10.48    5.2    78.7s
 ────────────────────────────────────────────────────────────────────────────────
                                        Time                    Allocations      
                               ───────────────────────   ────────────────────────
       Tot / % measured:            2689s /  99.3%            560GiB /  99.1%    

 Section               ncalls     time    %tot     avg     alloc    %tot      avg
 ────────────────────────────────────────────────────────────────────────────────
 self_consistent_field      1    1720s   64.4%   1720s    153GiB   27.6%   153GiB
   LOBPCG                 176    1404s   52.6%   7.97s    115GiB   20.7%   669MiB
     DftHamiltonian...  1.05k     928s   34.8%   887ms   20.2GiB    3.6%  19.8MiB
       local+kinetic    39.8k     599s   22.4%  15.0ms   21.9MiB    0.0%     576B
       nonlocal         1.05k     316s   11.8%   302ms   16.5GiB    3.0%  16.1MiB
     ortho! X vs Y      1.56k     110s    4.1%  70.1ms   12.8GiB    2.3%  8.36MiB
       ortho!           3.33k    28.8s    1.1%  8.64ms    533MiB    0.1%   164KiB
     rayleigh_ritz        870    53.3s    2.0%  61.2ms    880MiB    0.2%  1.01MiB
       ortho!             870    169ms    0.0%   195μs    116MiB    0.0%   137KiB
     Update residuals   1.05k    41.3s    1.5%  39.5ms   15.1GiB    2.7%  14.8MiB
     preconditioning    1.05k    5.31s    0.2%  5.07ms   18.1MiB    0.0%  17.7KiB
     ortho!               176    4.76s    0.2%  27.0ms   63.2MiB    0.0%   368KiB
   energy_hamiltonian      45     132s    4.9%   2.93s   22.3GiB    4.0%   508MiB
     ene_ops               45     129s    4.8%   2.88s   17.3GiB    3.1%   394MiB
       ene_ops: non...     45    73.5s    2.8%   1.63s    947MiB    0.2%  21.0MiB
       ene_ops: xc         45    41.5s    1.6%   923ms   14.5GiB    2.6%   330MiB
       ene_ops: kin...     45    6.84s    0.3%   152ms   5.31MiB    0.0%   121KiB
       ene_ops: har...     45    1.72s    0.1%  38.2ms   1.56GiB    0.3%  35.6MiB
       ene_ops: local      45    553ms    0.0%  12.3ms    321MiB    0.1%  7.13MiB
   compute_density         22     101s    3.8%   4.61s   1.07GiB    0.2%  49.9MiB
     symmetrize_ρ          22    1.22s    0.0%  55.3ms    861MiB    0.2%  39.2MiB
   χ0Mixing                22    43.1s    1.6%   1.96s   10.9GiB    2.0%   510MiB
     compute_density       22    17.5s    0.7%   797ms   1.07GiB    0.2%  49.8MiB
       symmetrize_ρ        22    768ms    0.0%  34.9ms    861MiB    0.2%  39.2MiB
     apply_kernel         178    5.85s    0.2%  32.9ms   6.81GiB    1.2%  39.2MiB
   ortho_qr                16    2.58s    0.1%   161ms    842MiB    0.1%  52.6MiB
 compute_stresses_cart      1     806s   30.2%    806s    279GiB   50.2%   279GiB
   compute_density          1     455s   17.0%    455s    152GiB   27.4%   152GiB
     symmetrize_ρ           1    4.14s    0.2%   4.14s    848MiB    0.1%   848MiB
   energy_hamiltonian       1     219s    8.2%    219s   9.16GiB    1.6%  9.16GiB
     ene_ops                1     211s    7.9%    211s   7.95GiB    1.4%  7.95GiB
       ene_ops: non...      1     167s    6.2%    167s    337MiB    0.1%   337MiB
       ene_ops: xc          1    27.1s    1.0%   27.1s   6.43GiB    1.2%  6.43GiB
       ene_ops: har...      1    2.21s    0.1%   2.21s    793MiB    0.1%   793MiB
       ene_ops: kin...      1    718ms    0.0%   718ms   14.7MiB    0.0%  14.7MiB
       ene_ops: local       1   44.1ms    0.0%  44.1ms   71.2MiB    0.0%  71.2MiB
   Instantiation At...      1    48.7s    1.8%   48.7s   37.5GiB    6.8%  37.5GiB
   Instantiation Xc         1    35.9s    1.3%   35.9s   36.4GiB    6.6%  36.4GiB
     enforce_real!          1   4.78ms    0.0%  4.78ms   5.06KiB    0.0%  5.06KiB
   Instantiation At...      1    34.4s    1.3%   34.4s   42.4GiB    7.6%  42.4GiB
     enforce_real!          1   6.50ms    0.0%  6.50ms   5.06KiB    0.0%  5.06KiB
   Instantiation Ewald      1    2.51s    0.1%   2.51s    134MiB    0.0%   134MiB
     precomp: Ewald         1    1.84s    0.1%   1.84s   39.8MiB    0.0%  39.8MiB
   Instantiation Ha...      1    2.12s    0.1%   2.12s    141MiB    0.0%   141MiB
     enforce_real!          1   6.86ms    0.0%  6.86ms   5.06KiB    0.0%  5.06KiB
   Instantiation Ki...      1    823ms    0.0%   823ms    132MiB    0.0%   132MiB
   build_kpoints            1    586ms    0.0%   586ms    108MiB    0.0%   108MiB
   Instantiation Ps...      1    373ms    0.0%   373ms   14.8MiB    0.0%  14.8MiB
   Instantiation En...      1    345μs    0.0%   345μs   28.7KiB    0.0%  28.7KiB
   _check_kpoint_re...      1   17.3μs    0.0%  17.3μs     0.00B    0.0%    0.00B
 compute_forces             1     113s    4.2%    113s    104GiB   18.7%   104GiB
   forces: nonlocal         1    73.8s    2.8%   73.8s   79.1GiB   14.2%  79.1GiB
   forces: local            1    19.0s    0.7%   19.0s   19.8GiB    3.6%  19.8GiB
   forces: xc               1    16.7s    0.6%   16.7s   4.71GiB    0.8%  4.71GiB
 PlaneWaveBasis             1    31.2s    1.2%   31.2s   19.2GiB    3.5%  19.2GiB
   Instantiation At...      1    12.8s    0.5%   12.8s   10.5GiB    1.9%  10.5GiB
     enforce_real!          1   5.83ms    0.0%  5.83ms   5.06KiB    0.0%  5.06KiB
   Instantiation Xc         1    7.87s    0.3%   7.87s   4.03GiB    0.7%  4.03GiB
     enforce_real!          1   5.78ms    0.0%  5.78ms   5.06KiB    0.0%  5.06KiB
   Instantiation At...      1    7.62s    0.3%   7.62s   4.02GiB    0.7%  4.02GiB
   Instantiation Ps...      1    287ms    0.0%   287ms   20.2MiB    0.0%  20.2MiB
   build_kpoints            1   71.8ms    0.0%  71.8ms    108MiB    0.0%   108MiB
   Instantiation Ewald      1   66.7ms    0.0%  66.7ms   8.48KiB    0.0%  8.48KiB
     precomp: Ewald         1   66.5ms    0.0%  66.5ms   5.67KiB    0.0%  5.67KiB
   Instantiation Ha...      1   12.3ms    0.0%  12.3ms   10.7MiB    0.0%  10.7MiB
     enforce_real!          1   5.51ms    0.0%  5.51ms   5.06KiB    0.0%  5.06KiB
   Instantiation Ki...      1   3.06ms    0.0%  3.06ms   10.9MiB    0.0%  10.9MiB
   _check_kpoint_re...      1   18.3μs    0.0%  18.3μs     0.00B    0.0%    0.00B
   Instantiation En...      1   10.9μs    0.0%  10.9μs      864B    0.0%     864B
 symmetry_operations        1   26.7ms    0.0%  26.7ms   4.60MiB    0.0%  4.60MiB
   _check_symmetries        1   68.5μs    0.0%  68.5μs   1.81KiB    0.0%  1.81KiB
 enforce_real!              1   4.85ms    0.0%  4.85ms   5.06KiB    0.0%  5.06KiB
 ────────────────────────────────────────────────────────────────────────────────
#
# 4 / 100 ================================
#
PlaneWaveBasis discretization:
    architecture         : DFTK.CPU()
    num. mpi processes   : 8
    num. julia threads   : 1
    num. blas  threads   : 1
    num. fft   threads   : 1

    Ecut                 : 26.0 Ha
    fft_size             : (75, 120, 75), 675000 total points
    kgrid                : MonkhorstPack([4, 3, 4])
    num.   red. kpoints  : 48
    num. irred. kpoints  : 48

    Discretized Model(gga_x_pbe+gga_c_pbe, 3D):
        lattice (in Bohr)    : [15.83     , 0.925521  , -0.177249 ]
                               [-0.515237 , 23.4516   , 0.442921  ]
                               [0.640783  , -0.971776 , 15.2441   ]
        unit cell volume     : 5676.1 Bohr³
    
        atoms                : Al₄₈
        atom potentials      : ElementPsp(Al; psp="/home/herbst/.julia/artifacts/56094b8162385233890d523c827ba06e07566079/Al.upf")
                               ElementPsp(Al; psp="/home/herbst/.julia/artifacts/56094b8162385233890d523c827ba06e07566079/Al.upf")
                               ElementPsp(Al; psp="/home/herbst/.julia/artifacts/56094b8162385233890d523c827ba06e07566079/Al.upf")
                               ElementPsp(Al; psp="/home/herbst/.julia/artifacts/56094b8162385233890d523c827ba06e07566079/Al.upf")
                               ElementPsp(Al; psp="/home/herbst/.julia/artifacts/56094b8162385233890d523c827ba06e07566079/Al.upf")
                               ElementPsp(Al; psp="/home/herbst/.julia/artifacts/56094b8162385233890d523c827ba06e07566079/Al.upf")
                               ElementPsp(Al; psp="/home/herbst/.julia/artifacts/56094b8162385233890d523c827ba06e07566079/Al.upf")
                               ElementPsp(Al; psp="/home/herbst/.julia/artifacts/56094b8162385233890d523c827ba06e07566079/Al.upf")
                               ElementPsp(Al; psp="/home/herbst/.julia/artifacts/56094b8162385233890d523c827ba06e07566079/Al.upf")
                               ElementPsp(Al; psp="/home/herbst/.julia/artifacts/56094b8162385233890d523c827ba06e07566079/Al.upf")
                               ElementPsp(Al; psp="/home/herbst/.julia/artifacts/56094b8162385233890d523c827ba06e07566079/Al.upf")
                               ElementPsp(Al; psp="/home/herbst/.julia/artifacts/56094b8162385233890d523c827ba06e07566079/Al.upf")
                               ElementPsp(Al; psp="/home/herbst/.julia/artifacts/56094b8162385233890d523c827ba06e07566079/Al.upf")
                               ElementPsp(Al; psp="/home/herbst/.julia/artifacts/56094b8162385233890d523c827ba06e07566079/Al.upf")
                               ElementPsp(Al; psp="/home/herbst/.julia/artifacts/56094b8162385233890d523c827ba06e07566079/Al.upf")
                               ElementPsp(Al; psp="/home/herbst/.julia/artifacts/56094b8162385233890d523c827ba06e07566079/Al.upf")
                               ElementPsp(Al; psp="/home/herbst/.julia/artifacts/56094b8162385233890d523c827ba06e07566079/Al.upf")
                               ElementPsp(Al; psp="/home/herbst/.julia/artifacts/56094b8162385233890d523c827ba06e07566079/Al.upf")
                               ElementPsp(Al; psp="/home/herbst/.julia/artifacts/56094b8162385233890d523c827ba06e07566079/Al.upf")
                               ElementPsp(Al; psp="/home/herbst/.julia/artifacts/56094b8162385233890d523c827ba06e07566079/Al.upf")
                               ElementPsp(Al; psp="/home/herbst/.julia/artifacts/56094b8162385233890d523c827ba06e07566079/Al.upf")
                               ElementPsp(Al; psp="/home/herbst/.julia/artifacts/56094b8162385233890d523c827ba06e07566079/Al.upf")
                               ElementPsp(Al; psp="/home/herbst/.julia/artifacts/56094b8162385233890d523c827ba06e07566079/Al.upf")
                               ElementPsp(Al; psp="/home/herbst/.julia/artifacts/56094b8162385233890d523c827ba06e07566079/Al.upf")
                               ElementPsp(Al; psp="/home/herbst/.julia/artifacts/56094b8162385233890d523c827ba06e07566079/Al.upf")
                               ElementPsp(Al; psp="/home/herbst/.julia/artifacts/56094b8162385233890d523c827ba06e07566079/Al.upf")
                               ElementPsp(Al; psp="/home/herbst/.julia/artifacts/56094b8162385233890d523c827ba06e07566079/Al.upf")
                               ElementPsp(Al; psp="/home/herbst/.julia/artifacts/56094b8162385233890d523c827ba06e07566079/Al.upf")
                               ElementPsp(Al; psp="/home/herbst/.julia/artifacts/56094b8162385233890d523c827ba06e07566079/Al.upf")
                               ElementPsp(Al; psp="/home/herbst/.julia/artifacts/56094b8162385233890d523c827ba06e07566079/Al.upf")
                               ElementPsp(Al; psp="/home/herbst/.julia/artifacts/56094b8162385233890d523c827ba06e07566079/Al.upf")
                               ElementPsp(Al; psp="/home/herbst/.julia/artifacts/56094b8162385233890d523c827ba06e07566079/Al.upf")
                               ElementPsp(Al; psp="/home/herbst/.julia/artifacts/56094b8162385233890d523c827ba06e07566079/Al.upf")
                               ElementPsp(Al; psp="/home/herbst/.julia/artifacts/56094b8162385233890d523c827ba06e07566079/Al.upf")
                               ElementPsp(Al; psp="/home/herbst/.julia/artifacts/56094b8162385233890d523c827ba06e07566079/Al.upf")
                               ElementPsp(Al; psp="/home/herbst/.julia/artifacts/56094b8162385233890d523c827ba06e07566079/Al.upf")
                               ElementPsp(Al; psp="/home/herbst/.julia/artifacts/56094b8162385233890d523c827ba06e07566079/Al.upf")
                               ElementPsp(Al; psp="/home/herbst/.julia/artifacts/56094b8162385233890d523c827ba06e07566079/Al.upf")
                               ElementPsp(Al; psp="/home/herbst/.julia/artifacts/56094b8162385233890d523c827ba06e07566079/Al.upf")
                               ElementPsp(Al; psp="/home/herbst/.julia/artifacts/56094b8162385233890d523c827ba06e07566079/Al.upf")
                               ElementPsp(Al; psp="/home/herbst/.julia/artifacts/56094b8162385233890d523c827ba06e07566079/Al.upf")
                               ElementPsp(Al; psp="/home/herbst/.julia/artifacts/56094b8162385233890d523c827ba06e07566079/Al.upf")
                               ElementPsp(Al; psp="/home/herbst/.julia/artifacts/56094b8162385233890d523c827ba06e07566079/Al.upf")
                               ElementPsp(Al; psp="/home/herbst/.julia/artifacts/56094b8162385233890d523c827ba06e07566079/Al.upf")
                               ElementPsp(Al; psp="/home/herbst/.julia/artifacts/56094b8162385233890d523c827ba06e07566079/Al.upf")
                               ElementPsp(Al; psp="/home/herbst/.julia/artifacts/56094b8162385233890d523c827ba06e07566079/Al.upf")
                               ElementPsp(Al; psp="/home/herbst/.julia/artifacts/56094b8162385233890d523c827ba06e07566079/Al.upf")
                               ElementPsp(Al; psp="/home/herbst/.julia/artifacts/56094b8162385233890d523c827ba06e07566079/Al.upf")
    
        num. electrons       : 144
        spin polarization    : none
        temperature          : 0.001 Ha
        smearing             : DFTK.Smearing.Gaussian()
    
        terms                : Kinetic()
                               AtomicLocal()
                               AtomicNonlocal()
                               Ewald(nothing)
                               PspCorrection()
                               Hartree()
                               Xc(gga_x_pbe, gga_c_pbe)
                               Entropy()
n     Energy            log10(ΔE)   log10(Δρ)   Diag   Δtime
---   ---------------   ---------   ---------   ----   ------
  1   -111.1986076160                   -0.64   16.8     247s
  2   -111.2073238474       -2.06       -1.00    1.3    91.3s
  3   -111.2120254461       -2.33       -2.52    8.0     147s
  4   -111.2123524122       -3.49       -2.83    8.2     181s
  5   -111.2123673984       -4.82       -3.58    3.3     103s
  6   -111.2123682646       -6.06       -3.69    8.1     159s
  7   -111.2123684503       -6.73       -3.78    1.6    83.3s
  8   -111.2123688765       -6.37       -4.72    2.0    90.6s
  9   -111.2123688886       -7.92       -4.85   10.3     187s
 10   -111.2123688910       -8.61       -5.39    2.0    86.9s
 11   -111.2123688913       -9.60       -5.55    5.0     139s
 12   -111.2123688914      -10.06       -5.80    2.4    91.8s
 13   -111.2123688914      -10.34       -6.69    3.6     115s
 14   -111.2123688914      -12.15       -6.66    9.5     184s
 15   -111.2123688914      -12.18       -6.94    1.8    84.4s
 16   -111.2123688914      -12.59       -7.84    3.5     110s
 17   -111.2123688914      -13.85       -7.68    9.4     174s
 18   -111.2123688914      -13.55       -7.96    2.0    88.7s
 19   -111.2123688914   +  -13.37       -8.32    2.4    95.1s
 20   -111.2123688914      -13.55       -8.84    4.6     127s
 21   -111.2123688914   +    -Inf       -9.02    4.6     137s
 22   -111.2123688914   +    -Inf       -9.26    2.1    91.1s
 23   -111.2123688914   +  -13.55      -10.53    4.1     117s

===================================================================================
=   BAD TERMINATION OF ONE OF YOUR APPLICATION PROCESSES
=   PID 2074954 RUNNING AT stiitpc9
=   EXIT CODE: 9
=   CLEANING UP REMAINING PROCESSES
=   YOU CAN IGNORE THE BELOW CLEANUP MESSAGES
===================================================================================
YOUR APPLICATION TERMINATED WITH THE EXIT STRING: Killed (signal 9)
This typically refers to a problem with your application.
Please see the FAQ page for debugging suggestions
